# Logfile created on 2014-03-18 17:15:13 +0800 by logger.rb/31641
2014-03-18T17:15:13.90+0800 [Buildpack]                      DEBUG Environment Variables: {"LESSOPEN"=>"| /usr/bin/lesspipe %s", "BUILDPACK_CACHE"=>"/buildpack_cache", "MAIL"=>"/var/mail/paas", "SSH_CLIENT"=>"10.1.81.211 4704 22", "USER"=>"paas", "LANGUAGE"=>"zh_CN:zh", "LC_TIME"=>"zh_CN", "LD_LIBRARY_PATH"=>":/home/paas/build_dir/target/postgres/lib:/home/paas/guardian/sigarlib/lib", "SHLVL"=>"1", "RUBYOPT"=>"-rbundler/setup", "OLDPWD"=>"/home/paas", "HOME"=>"/home/paas", "SSH_TTY"=>"/dev/pts/21", "LC_MONETARY"=>"zh_CN", "CLOUD_CONTROLLER_NG_CONFIG"=>"/home/paas/paas-release/vcap/sys/config/cloud_controller_ng.yml", "GOROOT"=>"/home/paas/software/go", "LOGNAME"=>"paas", "_"=>"/home/paas/build_dir/target/ruby/bin/rails", "RUBYLIB"=>"/home/paas/build_dir/target/ruby-1.9.3-p429/lib/ruby/gems/1.9.1/gems/bundler-1.5.3/lib", "TERM"=>"xterm", "RACK_ENV"=>"development", "PATH"=>"/home/paas/build_dir/target/ruby-1.9.3-p429/lib/ruby/gems/1.9.1/bin:/home/paas/software/go/bin:/home/paas/build_dir/target/cf:/home/paas/build_dir/target/cf/bin:/home/paas/paas-release.git/bin:/home/paas/build_dir/target/ruby/bin:/usr/local/sbin:/usr/local/bin:/usr/sbin:/usr/bin:/sbin:/bin:/usr/games", "LC_ADDRESS"=>"zh_CN", "BUNDLE_BIN_PATH"=>"/home/paas/build_dir/target/ruby-1.9.3-p429/lib/ruby/gems/1.9.1/gems/bundler-1.5.3/bin/bundle", "LC_TELEPHONE"=>"zh_CN", "LANG"=>"zh_CN.UTF-8", "LS_COLORS"=>"rs=0:di=01;34:ln=01;36:mh=00:pi=40;33:so=01;35:do=01;35:bd=40;33;01:cd=40;33;01:or=40;31;01:su=37;41:sg=30;43:ca=30;41:tw=30;42:ow=34;42:st=37;44:ex=01;32:*.tar=01;31:*.tgz=01;31:*.arj=01;31:*.taz=01;31:*.lzh=01;31:*.lzma=01;31:*.tlz=01;31:*.txz=01;31:*.zip=01;31:*.z=01;31:*.Z=01;31:*.dz=01;31:*.gz=01;31:*.lz=01;31:*.xz=01;31:*.bz2=01;31:*.bz=01;31:*.tbz=01;31:*.tbz2=01;31:*.tz=01;31:*.deb=01;31:*.rpm=01;31:*.jar=01;31:*.war=01;31:*.ear=01;31:*.sar=01;31:*.rar=01;31:*.ace=01;31:*.zoo=01;31:*.cpio=01;31:*.7z=01;31:*.rz=01;31:*.jpg=01;35:*.jpeg=01;35:*.gif=01;35:*.bmp=01;35:*.pbm=01;35:*.pgm=01;35:*.ppm=01;35:*.tga=01;35:*.xbm=01;35:*.xpm=01;35:*.tif=01;35:*.tiff=01;35:*.png=01;35:*.svg=01;35:*.svgz=01;35:*.mng=01;35:*.pcx=01;35:*.mov=01;35:*.mpg=01;35:*.mpeg=01;35:*.m2v=01;35:*.mkv=01;35:*.webm=01;35:*.ogm=01;35:*.mp4=01;35:*.m4v=01;35:*.mp4v=01;35:*.vob=01;35:*.qt=01;35:*.nuv=01;35:*.wmv=01;35:*.asf=01;35:*.rm=01;35:*.rmvb=01;35:*.flc=01;35:*.avi=01;35:*.fli=01;35:*.flv=01;35:*.gl=01;35:*.dl=01;35:*.xcf=01;35:*.xwd=01;35:*.yuv=01;35:*.cgm=01;35:*.emf=01;35:*.axv=01;35:*.anx=01;35:*.ogv=01;35:*.ogx=01;35:*.aac=00;36:*.au=00;36:*.flac=00;36:*.mid=00;36:*.midi=00;36:*.mka=00;36:*.mp3=00;36:*.mpc=00;36:*.ogg=00;36:*.ra=00;36:*.wav=00;36:*.axa=00;36:*.oga=00;36:*.spx=00;36:*.xspf=00;36:", "SHELL"=>"/bin/bash", "LC_NAME"=>"zh_CN", "LESSCLOSE"=>"/usr/bin/lesspipe %s %s", "GEM_HOME"=>"/home/paas/build_dir/target/ruby-1.9.3-p429/lib/ruby/gems/1.9.1", "LC_MEASUREMENT"=>"zh_CN", "RAILS_ENV"=>"development", "LC_IDENTIFICATION"=>"zh_CN", "BUNDLE_GEMFILE"=>"/home/paas/portal/paas-portalweb/Gemfile", "PWD"=>"/home/paas/portal/paas-portalweb", "GEM_PATH"=>"/home/paas/build_dir/target/ruby-1.9.3-p429/lib/ruby/gems/1.9.1:/home/paas/.gem/ruby/1.9.1", "SSH_CONNECTION"=>"10.1.81.211 4704 192.168.0.92 22", "LC_NUMERIC"=>"zh_CN", "LC_PAPER"=>"zh_CN", "_ORIGINAL_GEM_PATH"=>"/home/paas/build_dir/target/ruby-1.9.3-p429/lib/ruby/gems/1.9.1:/home/paas/.gem/ruby/1.9.1"}
2014-03-18T17:15:13.90+0800 [ConfigurationUtils]             DEBUG Configuration from /home/paas/build_dir/target/dea_ng/buildpacks/vendor/java/config/components.yml: {"containers"=>["JavaBuildpack::Container::Groovy", "JavaBuildpack::Container::JavaMain", "JavaBuildpack::Container::PlayFramework", "JavaBuildpack::Container::SpringBootCLI", "JavaBuildpack::Container::Tomcat"], "jres"=>["JavaBuildpack::Jre::OpenJDK"], "frameworks"=>["JavaBuildpack::Framework::AppDynamicsAgent", "JavaBuildpack::Framework::JavaOpts", "JavaBuildpack::Framework::MariaDbJDBC", "JavaBuildpack::Framework::NewRelicAgent", "JavaBuildpack::Framework::PlayFrameworkAutoReconfiguration", "JavaBuildpack::Framework::PlayFrameworkJPAPlugin", "JavaBuildpack::Framework::PostgresqlJDBC", "JavaBuildpack::Framework::SpringAutoReconfiguration", "JavaBuildpack::Framework::SpringInsight"]}
2014-03-18T17:15:13.90+0800 [Buildpack]                      DEBUG Instantiating JavaBuildpack::Jre::OpenJDK
2014-03-18T17:15:13.96+0800 [Buildpack]                      DEBUG Successfully required JavaBuildpack::Jre::OpenJDK
2014-03-18T17:15:13.96+0800 [ConfigurationUtils]             DEBUG Configuration from /home/paas/build_dir/target/dea_ng/buildpacks/vendor/java/config/open_jdk.yml: {"repository_root"=>"{default.repository.root}/openjdk/{platform}/{architecture}", "version"=>"1.7.0_+", "memory_sizes"=>{"permgen"=>"64m.."}, "memory_heuristics"=>{"heap"=>75, "permgen"=>10, "stack"=>5, "native"=>10}}
2014-03-18T17:15:13.96+0800 [ConfigurationUtils]             DEBUG Configuration from /home/paas/build_dir/target/dea_ng/buildpacks/vendor/java/config/repository.yml: {"default_repository_root"=>"http://download.pivotal.io.s3.amazonaws.com"}
2014-03-18T17:15:14.00+0800 [RepositoryIndex]                DEBUG {default.repository.root}/openjdk/{platform}/{architecture} expanded to http://download.pivotal.io.s3.amazonaws.com/openjdk/precise/x86_64
2014-03-18T17:15:14.00+0800 [ConfigurationUtils]             DEBUG Configuration from /home/paas/build_dir/target/dea_ng/buildpacks/vendor/java/config/cache.yml: {"remote_downloads"=>"enabled"}
2014-03-18T17:15:14.00+0800 [DownloadCache]                  DEBUG should_use_cache for http://download.pivotal.io.s3.amazonaws.com/openjdk/precise/x86_64/index.yml, inputs: use_internet? = true, cached? = true, has_etag? = true, has_last_modified? = true
2014-03-18T17:15:14.00+0800 [DownloadCache]                  DEBUG Performing up-to-date check on cached version of http://download.pivotal.io.s3.amazonaws.com/openjdk/precise/x86_64/index.yml
2014-03-18T17:15:14.93+0800 [DownloadCache]                  DEBUG Up-to-date check on cached version of http://download.pivotal.io.s3.amazonaws.com/openjdk/precise/x86_64/index.yml returned 304
2014-03-18T17:15:14.94+0800 [RepositoryIndex]                DEBUG {"1.7.0_01"=>"http://d2vm4m9hl67ira.cloudfront.net/openjdk/precise/x86_64/openjdk-1.7.0_01.tar.gz", "1.7.0_02"=>"http://d2vm4m9hl67ira.cloudfront.net/openjdk/precise/x86_64/openjdk-1.7.0_02.tar.gz", "1.7.0_03"=>"http://d2vm4m9hl67ira.cloudfront.net/openjdk/precise/x86_64/openjdk-1.7.0_03.tar.gz", "1.7.0_04"=>"http://d2vm4m9hl67ira.cloudfront.net/openjdk/precise/x86_64/openjdk-1.7.0_04.tar.gz", "1.7.0_05"=>"http://d2vm4m9hl67ira.cloudfront.net/openjdk/precise/x86_64/openjdk-1.7.0_05.tar.gz", "1.7.0_06"=>"http://d2vm4m9hl67ira.cloudfront.net/openjdk/precise/x86_64/openjdk-1.7.0_06.tar.gz", "1.7.0_07"=>"http://d2vm4m9hl67ira.cloudfront.net/openjdk/precise/x86_64/openjdk-1.7.0_07.tar.gz", "1.7.0_08"=>"http://d2vm4m9hl67ira.cloudfront.net/openjdk/precise/x86_64/openjdk-1.7.0_08.tar.gz", "1.7.0_09"=>"http://d2vm4m9hl67ira.cloudfront.net/openjdk/precise/x86_64/openjdk-1.7.0_09.tar.gz", "1.7.0_10"=>"http://d2vm4m9hl67ira.cloudfront.net/openjdk/precise/x86_64/openjdk-1.7.0_10.tar.gz", "1.7.0_11"=>"http://d2vm4m9hl67ira.cloudfront.net/openjdk/precise/x86_64/openjdk-1.7.0_11.tar.gz", "1.7.0_12"=>"http://d2vm4m9hl67ira.cloudfront.net/openjdk/precise/x86_64/openjdk-1.7.0_12.tar.gz", "1.7.0_13"=>"http://d2vm4m9hl67ira.cloudfront.net/openjdk/precise/x86_64/openjdk-1.7.0_13.tar.gz", "1.7.0_14"=>"http://d2vm4m9hl67ira.cloudfront.net/openjdk/precise/x86_64/openjdk-1.7.0_14.tar.gz", "1.7.0_15"=>"http://d2vm4m9hl67ira.cloudfront.net/openjdk/precise/x86_64/openjdk-1.7.0_15.tar.gz", "1.7.0_17"=>"http://d2vm4m9hl67ira.cloudfront.net/openjdk/precise/x86_64/openjdk-1.7.0_17.tar.gz", "1.7.0_21"=>"http://d2vm4m9hl67ira.cloudfront.net/openjdk/precise/x86_64/openjdk-1.7.0_21.tar.gz", "1.7.0_25"=>"http://d2vm4m9hl67ira.cloudfront.net/openjdk/precise/x86_64/openjdk-1.7.0_25.tar.gz", "1.7.0_40"=>"http://d2vm4m9hl67ira.cloudfront.net/openjdk/precise/x86_64/openjdk-1.7.0_40.tar.gz", "1.7.0_45"=>"http://d2vm4m9hl67ira.cloudfront.net/openjdk/precise/x86_64/openjdk-1.7.0_45.tar.gz", "1.7.0_51"=>"http://d2vm4m9hl67ira.cloudfront.net/openjdk/precise/x86_64/openjdk-1.7.0_51.tar.gz", "1.8.0_M6"=>"http://d2vm4m9hl67ira.cloudfront.net/openjdk/precise/x86_64/openjdk-1.8.0_M6.tar.gz", "1.8.0_M7"=>"http://d2vm4m9hl67ira.cloudfront.net/openjdk/precise/x86_64/openjdk-1.8.0_M7.tar.gz", "1.8.0_M8"=>"http://d2vm4m9hl67ira.cloudfront.net/openjdk/precise/x86_64/openjdk-1.8.0_M8.tar.gz", "1.8.0_RC1"=>"http://d2vm4m9hl67ira.cloudfront.net/openjdk/precise/x86_64/openjdk-1.8.0_RC1.tar.gz"}
2014-03-18T17:15:14.94+0800 [Buildpack]                      DEBUG Instantiating JavaBuildpack::Framework::AppDynamicsAgent
2014-03-18T17:15:14.94+0800 [Buildpack]                      DEBUG Successfully required JavaBuildpack::Framework::AppDynamicsAgent
2014-03-18T17:15:14.94+0800 [ConfigurationUtils]             DEBUG Configuration from /home/paas/build_dir/target/dea_ng/buildpacks/vendor/java/config/app_dynamics_agent.yml: {"version"=>"3.7.+", "repository_root"=>"{default.repository.root}/app-dynamics", "tier_name"=>"Cloud Foundry"}
2014-03-18T17:15:14.94+0800 [Buildpack]                      DEBUG Instantiating JavaBuildpack::Framework::JavaOpts
2014-03-18T17:15:14.95+0800 [Buildpack]                      DEBUG Successfully required JavaBuildpack::Framework::JavaOpts
2014-03-18T17:15:14.95+0800 [ConfigurationUtils]             DEBUG No configuration file /home/paas/build_dir/target/dea_ng/buildpacks/vendor/java/config/java_opts.yml found
2014-03-18T17:15:14.95+0800 [Buildpack]                      DEBUG Instantiating JavaBuildpack::Framework::MariaDbJDBC
2014-03-18T17:15:14.95+0800 [Buildpack]                      DEBUG Successfully required JavaBuildpack::Framework::MariaDbJDBC
2014-03-18T17:15:14.95+0800 [ConfigurationUtils]             DEBUG Configuration from /home/paas/build_dir/target/dea_ng/buildpacks/vendor/java/config/maria_db_jdbc.yml: {"version"=>"1.1.+", "repository_root"=>"{default.repository.root}/mariadb-jdbc"}
2014-03-18T17:15:14.95+0800 [Buildpack]                      DEBUG Instantiating JavaBuildpack::Framework::NewRelicAgent
2014-03-18T17:15:14.96+0800 [Buildpack]                      DEBUG Successfully required JavaBuildpack::Framework::NewRelicAgent
2014-03-18T17:15:14.96+0800 [ConfigurationUtils]             DEBUG Configuration from /home/paas/build_dir/target/dea_ng/buildpacks/vendor/java/config/new_relic_agent.yml: {"version"=>"3.3.+", "repository_root"=>"{default.repository.root}/new-relic"}
2014-03-18T17:15:14.96+0800 [Buildpack]                      DEBUG Instantiating JavaBuildpack::Framework::PlayFrameworkAutoReconfiguration
2014-03-18T17:15:14.98+0800 [Buildpack]                      DEBUG Successfully required JavaBuildpack::Framework::PlayFrameworkAutoReconfiguration
2014-03-18T17:15:14.98+0800 [ConfigurationUtils]             DEBUG Configuration from /home/paas/build_dir/target/dea_ng/buildpacks/vendor/java/config/play_framework_auto_reconfiguration.yml: {"version"=>"0.+", "repository_root"=>"{default.repository.root}/auto-reconfiguration"}
2014-03-18T17:15:15.00+0800 [Buildpack]                      DEBUG Instantiating JavaBuildpack::Framework::PlayFrameworkJPAPlugin
2014-03-18T17:15:15.01+0800 [Buildpack]                      DEBUG Successfully required JavaBuildpack::Framework::PlayFrameworkJPAPlugin
2014-03-18T17:15:15.01+0800 [ConfigurationUtils]             DEBUG Configuration from /home/paas/build_dir/target/dea_ng/buildpacks/vendor/java/config/play_framework_jpa_plugin.yml: {"version"=>"0.+", "repository_root"=>"{default.repository.root}/play-jpa-plugin"}
2014-03-18T17:15:15.04+0800 [Buildpack]                      DEBUG Instantiating JavaBuildpack::Framework::PostgresqlJDBC
2014-03-18T17:15:15.04+0800 [Buildpack]                      DEBUG Successfully required JavaBuildpack::Framework::PostgresqlJDBC
2014-03-18T17:15:15.04+0800 [ConfigurationUtils]             DEBUG Configuration from /home/paas/build_dir/target/dea_ng/buildpacks/vendor/java/config/postgresql_jdbc.yml: {"version"=>"9.3.+", "repository_root"=>"{default.repository.root}/postgresql-jdbc"}
2014-03-18T17:15:15.04+0800 [Buildpack]                      DEBUG Instantiating JavaBuildpack::Framework::SpringAutoReconfiguration
2014-03-18T17:15:15.13+0800 [Buildpack]                      DEBUG Successfully required JavaBuildpack::Framework::SpringAutoReconfiguration
2014-03-18T17:15:15.13+0800 [ConfigurationUtils]             DEBUG Configuration from /home/paas/build_dir/target/dea_ng/buildpacks/vendor/java/config/spring_auto_reconfiguration.yml: {"version"=>"0.+", "repository_root"=>"{default.repository.root}/auto-reconfiguration"}
2014-03-18T17:15:15.13+0800 [Buildpack]                      DEBUG Instantiating JavaBuildpack::Framework::SpringInsight
2014-03-18T17:15:15.13+0800 [Buildpack]                      DEBUG Successfully required JavaBuildpack::Framework::SpringInsight
2014-03-18T17:15:15.13+0800 [ConfigurationUtils]             DEBUG No configuration file /home/paas/build_dir/target/dea_ng/buildpacks/vendor/java/config/spring_insight.yml found
2014-03-18T17:15:15.13+0800 [Buildpack]                      DEBUG Instantiating JavaBuildpack::Container::Groovy
2014-03-18T17:15:15.14+0800 [Buildpack]                      DEBUG Successfully required JavaBuildpack::Container::Groovy
2014-03-18T17:15:15.14+0800 [ConfigurationUtils]             DEBUG Configuration from /home/paas/build_dir/target/dea_ng/buildpacks/vendor/java/config/groovy.yml: {"version"=>"2.2.+", "repository_root"=>"{default.repository.root}/groovy"}
2014-03-18T17:15:15.15+0800 [Buildpack]                      DEBUG Instantiating JavaBuildpack::Container::JavaMain
2014-03-18T17:15:15.15+0800 [Buildpack]                      DEBUG Successfully required JavaBuildpack::Container::JavaMain
2014-03-18T17:15:15.15+0800 [ConfigurationUtils]             DEBUG No configuration file /home/paas/build_dir/target/dea_ng/buildpacks/vendor/java/config/java_main.yml found
2014-03-18T17:15:15.15+0800 [Buildpack]                      DEBUG Instantiating JavaBuildpack::Container::PlayFramework
2014-03-18T17:15:15.15+0800 [Buildpack]                      DEBUG Successfully required JavaBuildpack::Container::PlayFramework
2014-03-18T17:15:15.15+0800 [ConfigurationUtils]             DEBUG No configuration file /home/paas/build_dir/target/dea_ng/buildpacks/vendor/java/config/play_framework.yml found
2014-03-18T17:15:15.16+0800 [Buildpack]                      DEBUG Instantiating JavaBuildpack::Container::SpringBootCLI
2014-03-18T17:15:15.17+0800 [Buildpack]                      DEBUG Successfully required JavaBuildpack::Container::SpringBootCLI
2014-03-18T17:15:15.17+0800 [ConfigurationUtils]             DEBUG Configuration from /home/paas/build_dir/target/dea_ng/buildpacks/vendor/java/config/spring_boot_cli.yml: {"version"=>"0.5.0_+", "repository_root"=>"{default.repository.root}/spring-boot-cli"}
2014-03-18T17:15:15.17+0800 [Buildpack]                      DEBUG Instantiating JavaBuildpack::Container::Tomcat
2014-03-18T17:15:15.17+0800 [Buildpack]                      DEBUG Successfully required JavaBuildpack::Container::Tomcat
2014-03-18T17:15:15.17+0800 [ConfigurationUtils]             DEBUG Configuration from /home/paas/build_dir/target/dea_ng/buildpacks/vendor/java/config/tomcat.yml: {"version"=>"7.0.+", "repository_root"=>"{default.repository.root}/tomcat", "support"=>{"version"=>"1.1.+", "repository_root"=>"{default.repository.root}/tomcat-buildpack-support"}}
2014-03-18T17:15:15.18+0800 [Buildpack]                      DEBUG -----> Java Buildpack source: system
2014-03-18T17:15:15.18+0800 [Buildpack]                      DEBUG Detection Tags: []
